<?xml version="1.0" encoding="UTF-8"?>
<!-- Generated by org.testng.reporters.JUnitXMLReporter -->
<testsuite ignored="0" hostname="LAPTOP-7RD0H540" failures="0" tests="6" name="Default test" time="159.964" errors="0" timestamp="2021-05-07T19:00:49 IST">
  <testcase classname="objectRepository.testNgSmRe" name="Test1" time="2.83"/>
  <testcase classname="objectRepository.testNgSmRe" name="Test2" time="20.09"/>
  <testcase classname="objectRepository.testNgSmRe" name="Test3" time="17.409"/>
  <testcase classname="objectRepository.testNgSmRe" name="Test4" time="19.474"/>
  <testcase classname="objectRepository.testNgSmRe" name="Test5" time="3.728"/>
  <testcase classname="objectRepository.testNgSmRe" name="TestReg" time="88.127"/>
</testsuite> <!-- Default test -->
