<?xml version="1.0" encoding="UTF-8"?>
<!-- Generated by org.testng.reporters.JUnitXMLReporter -->
<testsuite ignored="0" hostname="LAPTOP-7RD0H540" failures="1" tests="1" name="Chrome Test" time="2.6" errors="0" timestamp="2021-05-07T17:49:25 IST">
  <testcase classname="objectRepository.TestNg_hack" name="@AfterMethod flush" time="0.259">
    <failure type="java.lang.NoSuchMethodError" message="&amp;apos;com.aventstack.extentreports.ExtentTest com.aventstack.extentreports.ExtentTest.fail(java.lang.String, com.aventstack.extentreports.MediaEntityModelProvider)&amp;apos;">
      <![CDATA[java.lang.NoSuchMethodError: 'com.aventstack.extentreports.ExtentTest com.aventstack.extentreports.ExtentTest.fail(java.lang.String, com.aventstack.extentreports.MediaEntityModelProvider)'
at objectRepository.TestNg_hack.flush(TestNg_hack.java:236)
at java.base/java.util.ArrayList.forEach(ArrayList.java:1511)
at java.base/java.util.concurrent.FutureTask.run(FutureTask.java:264)
at java.base/java.util.concurrent.ThreadPoolExecutor.runWorker(ThreadPoolExecutor.java:1130)
at java.base/java.util.concurrent.ThreadPoolExecutor$Worker.run(ThreadPoolExecutor.java:630)
at java.base/java.lang.Thread.run(Thread.java:832)
... Removed 23 stack frames]]>
    </failure>
  </testcase> <!-- @AfterMethod flush -->
  <testcase classname="objectRepository.TestNg_hack" name="@AfterClass afterTest" time="0.0">
    <failure type="java.lang.NullPointerException" message="Cannot invoke &amp;quot;com.aventstack.extentreports.ExtentReports.flush()&amp;quot; because &amp;quot;this.report&amp;quot; is null">
      <![CDATA[java.lang.NullPointerException: Cannot invoke "com.aventstack.extentreports.ExtentReports.flush()" because "this.report" is null
at objectRepository.TestNg_hack.afterTest(TestNg_hack.java:228)
at java.base/java.util.ArrayList.forEach(ArrayList.java:1511)
at java.base/java.util.concurrent.FutureTask.run(FutureTask.java:264)
at java.base/java.util.concurrent.ThreadPoolExecutor.runWorker(ThreadPoolExecutor.java:1130)
at java.base/java.util.concurrent.ThreadPoolExecutor$Worker.run(ThreadPoolExecutor.java:630)
at java.base/java.lang.Thread.run(Thread.java:832)
... Removed 16 stack frames]]>
    </failure>
  </testcase> <!-- @AfterClass afterTest -->
  <testcase classname="objectRepository.TestNg_hack" name="Test1" time="0.016">
    <failure type="java.lang.NullPointerException" message="Cannot invoke &amp;quot;com.aventstack.extentreports.ExtentReports.createTest(String)&amp;quot; because &amp;quot;this.report&amp;quot; is null">
      <![CDATA[java.lang.NullPointerException: Cannot invoke "com.aventstack.extentreports.ExtentReports.createTest(String)" because "this.report" is null
at objectRepository.TestNg_hack.Test1(TestNg_hack.java:88)
at java.base/java.util.ArrayList.forEach(ArrayList.java:1511)
at java.base/java.util.concurrent.FutureTask.run(FutureTask.java:264)
at java.base/java.util.concurrent.ThreadPoolExecutor.runWorker(ThreadPoolExecutor.java:1130)
at java.base/java.util.concurrent.ThreadPoolExecutor$Worker.run(ThreadPoolExecutor.java:630)
at java.base/java.lang.Thread.run(Thread.java:832)
... Removed 18 stack frames]]>
    </failure>
  </testcase> <!-- Test1 -->
</testsuite> <!-- Chrome Test -->
