<?xml version="1.0" encoding="UTF-8"?>
<!-- Generated by org.testng.reporters.JUnitXMLReporter -->
<testsuite ignored="0" hostname="LAPTOP-7RD0H540" failures="1" tests="1" name="msEdge Test" time="29.325" errors="0" timestamp="2021-05-07T10:36:48 IST">
  <testcase classname="objectRepository.TestNg_hack" name="@AfterMethod flush" time="0.001">
    <failure type="java.lang.NullPointerException" message="Cannot invoke &amp;quot;org.openqa.selenium.TakesScreenshot.getScreenshotAs(org.openqa.selenium.OutputType)&amp;quot; because &amp;quot;driver&amp;quot; is null">
      <![CDATA[java.lang.NullPointerException: Cannot invoke "org.openqa.selenium.TakesScreenshot.getScreenshotAs(org.openqa.selenium.OutputType)" because "driver" is null
at Hackathon_TripCost.cruiseShip.screenShot(cruiseShip.java:80)
at objectRepository.TestNg_hack.flush(TestNg_hack.java:234)
at java.base/java.util.ArrayList.forEach(ArrayList.java:1511)
at java.base/java.util.concurrent.FutureTask.run(FutureTask.java:264)
at java.base/java.util.concurrent.ThreadPoolExecutor.runWorker(ThreadPoolExecutor.java:1130)
at java.base/java.util.concurrent.ThreadPoolExecutor$Worker.run(ThreadPoolExecutor.java:630)
at java.base/java.lang.Thread.run(Thread.java:832)
... Removed 23 stack frames]]>
    </failure>
  </testcase> <!-- @AfterMethod flush -->
  <testcase classname="objectRepository.TestNg_hack" name="@AfterClass afterTest" time="0.265">
    <failure type="java.lang.NullPointerException" message="Cannot invoke &amp;quot;org.openqa.selenium.remote.RemoteWebDriver.quit()&amp;quot; because &amp;quot;objectRepository.TestNg_hack.driver&amp;quot; is null">
      <![CDATA[java.lang.NullPointerException: Cannot invoke "org.openqa.selenium.remote.RemoteWebDriver.quit()" because "objectRepository.TestNg_hack.driver" is null
at objectRepository.TestNg_hack.afterTest(TestNg_hack.java:227)
at java.base/java.util.ArrayList.forEach(ArrayList.java:1511)
at java.base/java.util.concurrent.FutureTask.run(FutureTask.java:264)
at java.base/java.util.concurrent.ThreadPoolExecutor.runWorker(ThreadPoolExecutor.java:1130)
at java.base/java.util.concurrent.ThreadPoolExecutor$Worker.run(ThreadPoolExecutor.java:630)
at java.base/java.lang.Thread.run(Thread.java:832)
... Removed 16 stack frames]]>
    </failure>
  </testcase> <!-- @AfterClass afterTest -->
  <testcase classname="objectRepository.TestNg_hack" name="Test1" time="28.596">
    <failure type="java.lang.NullPointerException" message="Cannot invoke &amp;quot;java.util.List.get(int)&amp;quot; because &amp;quot;s1&amp;quot; is null">
      <![CDATA[java.lang.NullPointerException: Cannot invoke "java.util.List.get(int)" because "s1" is null
at Hackathon_TripCost.hotelHome.getHotNamePrice(hotelHome.java:240)
at objectRepository.TestNg_hack.Test1(TestNg_hack.java:159)
at java.base/java.util.ArrayList.forEach(ArrayList.java:1511)
at java.base/java.util.concurrent.FutureTask.run(FutureTask.java:264)
at java.base/java.util.concurrent.ThreadPoolExecutor.runWorker(ThreadPoolExecutor.java:1130)
at java.base/java.util.concurrent.ThreadPoolExecutor$Worker.run(ThreadPoolExecutor.java:630)
at java.base/java.lang.Thread.run(Thread.java:832)
... Removed 18 stack frames]]>
    </failure>
  </testcase> <!-- Test1 -->
</testsuite> <!-- msEdge Test -->
