<?xml version="1.0" encoding="UTF-8"?>
<testng-results ignored="0" total="6" passed="6" failed="0" skipped="0">
  <reporter-output>
  </reporter-output>
  <suite started-at="2021-05-07T18:58:09 IST" name="Default suite" finished-at="2021-05-07T19:00:49 IST" duration-ms="159964">
    <groups>
      <group name="Regression Test">
        <method signature="testNgSmRe.TestReg()[pri:6, instance:objectRepository.testNgSmRe@738dc9b]" name="TestReg" class="objectRepository.testNgSmRe"/>
      </group> <!-- Regression Test -->
      <group name="Smoke Test">
        <method signature="testNgSmRe.Test1()[pri:1, instance:objectRepository.testNgSmRe@738dc9b]" name="Test1" class="objectRepository.testNgSmRe"/>
        <method signature="testNgSmRe.Test2()[pri:2, instance:objectRepository.testNgSmRe@738dc9b]" name="Test2" class="objectRepository.testNgSmRe"/>
        <method signature="testNgSmRe.Test3()[pri:3, instance:objectRepository.testNgSmRe@738dc9b]" name="Test3" class="objectRepository.testNgSmRe"/>
        <method signature="testNgSmRe.Test4()[pri:4, instance:objectRepository.testNgSmRe@738dc9b]" name="Test4" class="objectRepository.testNgSmRe"/>
        <method signature="testNgSmRe.Test5()[pri:5, instance:objectRepository.testNgSmRe@738dc9b]" name="Test5" class="objectRepository.testNgSmRe"/>
      </group> <!-- Smoke Test -->
    </groups>
    <test started-at="2021-05-07T18:58:09 IST" name="Default test" finished-at="2021-05-07T19:00:49 IST" duration-ms="159964">
      <class name="objectRepository.testNgSmRe">
        <test-method is-config="true" signature="setUpSuite()[pri:0, instance:objectRepository.testNgSmRe@738dc9b]" started-at="2021-05-07T18:58:09 IST" name="setUpSuite" finished-at="2021-05-07T18:58:09 IST" duration-ms="189" status="PASS">
          <reporter-output>
          </reporter-output>
        </test-method> <!-- setUpSuite -->
        <test-method is-config="true" signature="beforeTest()[pri:0, instance:objectRepository.testNgSmRe@738dc9b]" started-at="2021-05-07T18:58:09 IST" name="beforeTest" finished-at="2021-05-07T18:58:11 IST" duration-ms="1832" status="PASS">
          <reporter-output>
          </reporter-output>
        </test-method> <!-- beforeTest -->
        <test-method signature="Test1()[pri:1, instance:objectRepository.testNgSmRe@738dc9b]" started-at="2021-05-07T18:58:11 IST" name="Test1" finished-at="2021-05-07T18:58:14 IST" duration-ms="2830" status="PASS">
          <reporter-output>
          </reporter-output>
        </test-method> <!-- Test1 -->
        <test-method is-config="true" signature="flush(org.testng.ITestResult)[pri:0, instance:objectRepository.testNgSmRe@738dc9b]" started-at="2021-05-07T18:58:14 IST" name="flush" finished-at="2021-05-07T18:58:14 IST" duration-ms="1" status="PASS">
          <params>
            <param index="0">
              <value>
                <![CDATA[[TestResult name=Test1 status=SUCCESS method=testNgSmRe.Test1()[pri:1, instance:objectRepository.testNgSmRe@738dc9b] output={null}]]]>
              </value>
            </param>
          </params>
          <reporter-output>
          </reporter-output>
        </test-method> <!-- flush -->
        <test-method is-config="true" signature="beforeTest()[pri:0, instance:objectRepository.testNgSmRe@738dc9b]" started-at="2021-05-07T18:58:14 IST" name="beforeTest" finished-at="2021-05-07T18:58:15 IST" duration-ms="1284" status="PASS">
          <reporter-output>
          </reporter-output>
        </test-method> <!-- beforeTest -->
        <test-method signature="Test2()[pri:2, instance:objectRepository.testNgSmRe@738dc9b]" started-at="2021-05-07T18:58:15 IST" name="Test2" finished-at="2021-05-07T18:58:35 IST" duration-ms="20090" status="PASS">
          <reporter-output>
          </reporter-output>
        </test-method> <!-- Test2 -->
        <test-method is-config="true" signature="flush(org.testng.ITestResult)[pri:0, instance:objectRepository.testNgSmRe@738dc9b]" started-at="2021-05-07T18:58:35 IST" name="flush" finished-at="2021-05-07T18:58:35 IST" duration-ms="0" status="PASS">
          <params>
            <param index="0">
              <value>
                <![CDATA[[TestResult name=Test2 status=SUCCESS method=testNgSmRe.Test2()[pri:2, instance:objectRepository.testNgSmRe@738dc9b] output={null}]]]>
              </value>
            </param>
          </params>
          <reporter-output>
          </reporter-output>
        </test-method> <!-- flush -->
        <test-method is-config="true" signature="beforeTest()[pri:0, instance:objectRepository.testNgSmRe@738dc9b]" started-at="2021-05-07T18:58:35 IST" name="beforeTest" finished-at="2021-05-07T18:58:37 IST" duration-ms="1223" status="PASS">
          <reporter-output>
          </reporter-output>
        </test-method> <!-- beforeTest -->
        <test-method signature="Test3()[pri:3, instance:objectRepository.testNgSmRe@738dc9b]" started-at="2021-05-07T18:58:37 IST" name="Test3" finished-at="2021-05-07T18:58:54 IST" duration-ms="17409" status="PASS">
          <reporter-output>
          </reporter-output>
        </test-method> <!-- Test3 -->
        <test-method is-config="true" signature="flush(org.testng.ITestResult)[pri:0, instance:objectRepository.testNgSmRe@738dc9b]" started-at="2021-05-07T18:58:54 IST" name="flush" finished-at="2021-05-07T18:58:54 IST" duration-ms="0" status="PASS">
          <params>
            <param index="0">
              <value>
                <![CDATA[[TestResult name=Test3 status=SUCCESS method=testNgSmRe.Test3()[pri:3, instance:objectRepository.testNgSmRe@738dc9b] output={null}]]]>
              </value>
            </param>
          </params>
          <reporter-output>
          </reporter-output>
        </test-method> <!-- flush -->
        <test-method is-config="true" signature="beforeTest()[pri:0, instance:objectRepository.testNgSmRe@738dc9b]" started-at="2021-05-07T18:58:54 IST" name="beforeTest" finished-at="2021-05-07T18:58:55 IST" duration-ms="1239" status="PASS">
          <reporter-output>
          </reporter-output>
        </test-method> <!-- beforeTest -->
        <test-method signature="Test4()[pri:4, instance:objectRepository.testNgSmRe@738dc9b]" started-at="2021-05-07T18:58:55 IST" name="Test4" finished-at="2021-05-07T18:59:15 IST" duration-ms="19474" status="PASS">
          <reporter-output>
          </reporter-output>
        </test-method> <!-- Test4 -->
        <test-method is-config="true" signature="flush(org.testng.ITestResult)[pri:0, instance:objectRepository.testNgSmRe@738dc9b]" started-at="2021-05-07T18:59:15 IST" name="flush" finished-at="2021-05-07T18:59:15 IST" duration-ms="1" status="PASS">
          <params>
            <param index="0">
              <value>
                <![CDATA[[TestResult name=Test4 status=SUCCESS method=testNgSmRe.Test4()[pri:4, instance:objectRepository.testNgSmRe@738dc9b] output={null}]]]>
              </value>
            </param>
          </params>
          <reporter-output>
          </reporter-output>
        </test-method> <!-- flush -->
        <test-method is-config="true" signature="beforeTest()[pri:0, instance:objectRepository.testNgSmRe@738dc9b]" started-at="2021-05-07T18:59:15 IST" name="beforeTest" finished-at="2021-05-07T18:59:16 IST" duration-ms="1198" status="PASS">
          <reporter-output>
          </reporter-output>
        </test-method> <!-- beforeTest -->
        <test-method signature="Test5()[pri:5, instance:objectRepository.testNgSmRe@738dc9b]" started-at="2021-05-07T18:59:16 IST" name="Test5" finished-at="2021-05-07T18:59:20 IST" duration-ms="3728" status="PASS">
          <reporter-output>
          </reporter-output>
        </test-method> <!-- Test5 -->
        <test-method is-config="true" signature="flush(org.testng.ITestResult)[pri:0, instance:objectRepository.testNgSmRe@738dc9b]" started-at="2021-05-07T18:59:20 IST" name="flush" finished-at="2021-05-07T18:59:20 IST" duration-ms="0" status="PASS">
          <params>
            <param index="0">
              <value>
                <![CDATA[[TestResult name=Test5 status=SUCCESS method=testNgSmRe.Test5()[pri:5, instance:objectRepository.testNgSmRe@738dc9b] output={null}]]]>
              </value>
            </param>
          </params>
          <reporter-output>
          </reporter-output>
        </test-method> <!-- flush -->
        <test-method is-config="true" signature="beforeTest()[pri:0, instance:objectRepository.testNgSmRe@738dc9b]" started-at="2021-05-07T18:59:20 IST" name="beforeTest" finished-at="2021-05-07T18:59:21 IST" duration-ms="1397" status="PASS">
          <reporter-output>
          </reporter-output>
        </test-method> <!-- beforeTest -->
        <test-method signature="TestReg()[pri:6, instance:objectRepository.testNgSmRe@738dc9b]" started-at="2021-05-07T18:59:21 IST" name="TestReg" finished-at="2021-05-07T19:00:49 IST" duration-ms="88127" status="PASS">
          <reporter-output>
          </reporter-output>
        </test-method> <!-- TestReg -->
        <test-method is-config="true" signature="flush(org.testng.ITestResult)[pri:0, instance:objectRepository.testNgSmRe@738dc9b]" started-at="2021-05-07T19:00:49 IST" name="flush" finished-at="2021-05-07T19:00:49 IST" duration-ms="1" status="PASS">
          <params>
            <param index="0">
              <value>
                <![CDATA[[TestResult name=TestReg status=SUCCESS method=testNgSmRe.TestReg()[pri:6, instance:objectRepository.testNgSmRe@738dc9b] output={null}]]]>
              </value>
            </param>
          </params>
          <reporter-output>
          </reporter-output>
        </test-method> <!-- flush -->
        <test-method is-config="true" signature="close()[pri:0, instance:objectRepository.testNgSmRe@738dc9b]" started-at="2021-05-07T19:00:49 IST" name="close" finished-at="2021-05-07T19:00:49 IST" duration-ms="87" status="PASS">
          <reporter-output>
          </reporter-output>
        </test-method> <!-- close -->
        <test-method is-config="true" signature="afterTest()[pri:0, instance:objectRepository.testNgSmRe@738dc9b]" started-at="2021-05-07T19:00:49 IST" name="afterTest" finished-at="2021-05-07T19:00:51 IST" duration-ms="1166" status="PASS">
          <reporter-output>
          </reporter-output>
        </test-method> <!-- afterTest -->
      </class> <!-- objectRepository.testNgSmRe -->
    </test> <!-- Default test -->
  </suite> <!-- Default suite -->
</testng-results>
